time=2024-08-13T15:33:10.063+05:00 level=INFO msg="GetProfile handler is invoked"
time=2024-08-13T15:33:10.066+05:00 level=INFO msg="GetProfile handler is completed"
time=2024-08-13T15:33:20.104+05:00 level=INFO msg="GetProfile handler is invoked"
time=2024-08-13T15:33:20.105+05:00 level=INFO msg="GetProfile handler is completed"
time=2024-08-13T15:34:29.126+05:00 level=INFO msg="UpdateProfile handler is invoked"
time=2024-08-13T15:34:29.130+05:00 level=INFO msg="UpdateProfile handler is completed"
time=2024-08-13T15:34:38.380+05:00 level=INFO msg="GetProfile handler is invoked"
time=2024-08-13T15:34:38.380+05:00 level=INFO msg="GetProfile handler is completed"
time=2024-08-13T15:36:10.362+05:00 level=INFO msg="FetchReviews handler is invoked"
time=2024-08-13T15:36:10.364+05:00 level=INFO msg="FetchReviews handler is completed"
time=2024-08-13T15:37:21.210+05:00 level=INFO msg="GetProfile handler is invoked"
time=2024-08-13T15:37:21.211+05:00 level=INFO msg="GetProfile handler is completed"
time=2024-08-13T15:37:36.017+05:00 level=INFO msg="UpdateProfile handler is invoked"
time=2024-08-13T15:37:36.018+05:00 level=ERROR msg="error updating user profile: rpc error: code = Unknown desc = failed to update profile: query execution failed: pq: duplicate key value violates unique constraint \"users_email_key\""
time=2024-08-13T15:37:54.002+05:00 level=INFO msg="FetchReviews handler is invoked"
time=2024-08-13T15:37:54.003+05:00 level=INFO msg="FetchReviews handler is completed"
time=2024-08-13T15:38:03.617+05:00 level=INFO msg="CreateReview handler is invoked"
time=2024-08-13T15:38:03.651+05:00 level=ERROR msg="error creating review: rpc error: code = Unknown desc = failed to update provider rating: invalid id: the provided hex string is not a valid ObjectID"
time=2024-08-13T15:40:03.405+05:00 level=INFO msg="GetProfile handler is invoked"
time=2024-08-13T15:40:03.406+05:00 level=INFO msg="GetProfile handler is completed"
time=2024-08-13T15:41:13.393+05:00 level=INFO msg="DeleteReview handler is invoked"
time=2024-08-13T15:41:13.394+05:00 level=ERROR msg="error deleting review: rpc error: code = Unknown desc = failed to delete review: invalid id: the provided hex string is not a valid ObjectID"
time=2024-08-13T15:43:28.274+05:00 level=INFO msg="GetProfile handler is invoked"
time=2024-08-13T15:43:28.276+05:00 level=INFO msg="GetProfile handler is completed"
time=2024-08-13T15:44:43.615+05:00 level=INFO msg="GetProfile handler is invoked"
time=2024-08-13T15:44:43.616+05:00 level=INFO msg="GetProfile handler is completed"
time=2024-08-13T15:44:53.844+05:00 level=INFO msg="CreateBooking handler is invoked"
time=2024-08-13T15:44:53.875+05:00 level=INFO msg="CreateBooking handler is completed"
time=2024-08-13T15:46:10.716+05:00 level=INFO msg="FetchBookings handler is invoked"
time=2024-08-13T15:46:10.718+05:00 level=INFO msg="FetchBookings handler is completed"
time=2024-08-14T01:17:46.493+05:00 level=INFO msg="GetPopularServices handler is invoked"
time=2024-08-14T01:17:46.495+05:00 level=INFO msg="GetPopularServices handler is completed"
time=2024-08-14T01:22:22.085+05:00 level=INFO msg="CreateReview handler is invoked"
time=2024-08-14T01:22:22.085+05:00 level=ERROR msg="error creating review: dial tcp: lookup 9092: no such host"
time=2024-08-14T01:31:54.263+05:00 level=INFO msg="CreateReview handler is invoked"
time=2024-08-14T01:31:54.263+05:00 level=ERROR msg="error creating review: dial tcp: lookup 9092: no such host"
time=2024-08-14T01:38:09.969+05:00 level=INFO msg="CreateReview handler is invoked"
time=2024-08-14T01:38:09.970+05:00 level=ERROR msg="error creating review: dial tcp 127.0.0.1:9092: connect: connection refused"
time=2024-08-14T01:56:24.247+05:00 level=INFO msg="CreateReview handler is invoked"
time=2024-08-14T01:56:24.255+05:00 level=ERROR msg="error creating review: [17] Invalid Topic: a request which attempted to access an invalid topic (e.g. one which has an illegal name), or if an attempt was made to write to an internal topic (such as the consumer offsets topic)"
time=2024-08-14T01:59:51.314+05:00 level=INFO msg="CreateReview handler is invoked"
time=2024-08-14T01:59:52.319+05:00 level=INFO msg="CreateReview handler is completed"
time=2024-08-14T12:08:13.127+05:00 level=INFO msg="GetProfile handler is invoked"
time=2024-08-14T12:08:13.130+05:00 level=INFO msg="GetProfile handler is completed"
time=2024-08-14T12:08:24.943+05:00 level=INFO msg="GetProfile handler is invoked"
time=2024-08-14T12:08:24.945+05:00 level=INFO msg="GetProfile handler is completed"
time=2024-08-14T12:09:36.725+05:00 level=INFO msg="UpdateProfile handler is invoked"
time=2024-08-14T12:09:36.729+05:00 level=INFO msg="UpdateProfile handler is completed"
time=2024-08-14T12:09:48.705+05:00 level=INFO msg="GetProfile handler is invoked"
time=2024-08-14T12:09:48.707+05:00 level=INFO msg="GetProfile handler is completed"
time=2024-08-14T12:10:13.456+05:00 level=INFO msg="FetchProviders handler is invoked"
time=2024-08-14T12:10:13.462+05:00 level=INFO msg="FetchProviders handler is completed"
time=2024-08-14T12:10:17.515+05:00 level=INFO msg="FetchProviders handler is invoked"
time=2024-08-14T12:10:17.517+05:00 level=INFO msg="FetchProviders handler is completed"
time=2024-08-14T12:14:02.382+05:00 level=INFO msg="FetchProviders handler is invoked"
time=2024-08-14T12:14:02.389+05:00 level=INFO msg="FetchProviders handler is completed"
time=2024-08-14T12:14:40.969+05:00 level=INFO msg="SearchProviders handler is invoked"
time=2024-08-14T12:14:40.971+05:00 level=INFO msg="SearchProviders handler is completed"
time=2024-08-14T12:14:54.517+05:00 level=INFO msg="FetchProviders handler is invoked"
time=2024-08-14T12:14:54.519+05:00 level=INFO msg="FetchProviders handler is completed"
time=2024-08-14T12:15:09.827+05:00 level=INFO msg="SearchProviders handler is invoked"
time=2024-08-14T12:15:09.829+05:00 level=INFO msg="SearchProviders handler is completed"
time=2024-08-14T12:15:17.872+05:00 level=INFO msg="SearchProviders handler is invoked"
time=2024-08-14T12:15:17.875+05:00 level=INFO msg="SearchProviders handler is completed"
time=2024-08-14T12:15:40.507+05:00 level=INFO msg="SearchProviders handler is invoked"
time=2024-08-14T12:15:40.509+05:00 level=INFO msg="SearchProviders handler is completed"
time=2024-08-14T12:15:46.887+05:00 level=INFO msg="SearchProviders handler is invoked"
time=2024-08-14T12:15:46.889+05:00 level=INFO msg="SearchProviders handler is completed"
time=2024-08-14T12:24:01.783+05:00 level=INFO msg="FetchProviders handler is invoked"
time=2024-08-14T12:24:01.788+05:00 level=INFO msg="FetchProviders handler is completed"
time=2024-08-14T12:24:08.475+05:00 level=INFO msg="SearchProviders handler is invoked"
time=2024-08-14T12:24:08.477+05:00 level=INFO msg="SearchProviders handler is completed"
time=2024-08-14T12:24:28.957+05:00 level=INFO msg="SearchProviders handler is invoked"
time=2024-08-14T12:24:28.959+05:00 level=INFO msg="SearchProviders handler is completed"
time=2024-08-14T12:24:40.710+05:00 level=INFO msg="SearchProviders handler is invoked"
time=2024-08-14T12:24:40.713+05:00 level=INFO msg="SearchProviders handler is completed"
time=2024-08-14T12:25:00.247+05:00 level=INFO msg="SearchProviders handler is invoked"
time=2024-08-14T12:25:00.248+05:00 level=INFO msg="SearchProviders handler is completed"
time=2024-08-14T12:28:05.720+05:00 level=INFO msg="CreateProvider handler is invoked"
time=2024-08-14T12:28:05.723+05:00 level=INFO msg="CreateProvider handler is completed"
time=2024-08-14T12:28:15.870+05:00 level=INFO msg="SearchProviders handler is invoked"
time=2024-08-14T12:28:15.872+05:00 level=INFO msg="SearchProviders handler is completed"
time=2024-08-14T12:28:26.844+05:00 level=INFO msg="FetchProviders handler is invoked"
time=2024-08-14T12:28:26.847+05:00 level=INFO msg="FetchProviders handler is completed"
time=2024-08-14T12:29:01.690+05:00 level=INFO msg="GetProvider handler is invoked"
time=2024-08-14T12:29:01.692+05:00 level=INFO msg="GetProvider handler is completed"
time=2024-08-14T12:31:40.049+05:00 level=INFO msg="SearchProviders handler is invoked"
time=2024-08-14T12:31:40.050+05:00 level=INFO msg="SearchProviders handler is completed"
time=2024-08-14T12:32:39.941+05:00 level=INFO msg="UpdateProvider handler is invoked"
time=2024-08-14T12:32:39.943+05:00 level=INFO msg="UpdateProvider handler is completed"
time=2024-08-14T12:32:53.586+05:00 level=INFO msg="GetProvider handler is invoked"
time=2024-08-14T12:32:53.587+05:00 level=INFO msg="GetProvider handler is completed"
time=2024-08-14T12:33:23.813+05:00 level=INFO msg="DeleteProvider handler is invoked"
time=2024-08-14T12:33:23.816+05:00 level=INFO msg="DeleteProvider handler is completed"
time=2024-08-14T12:33:31.238+05:00 level=INFO msg="GetProvider handler is invoked"
time=2024-08-14T12:33:31.240+05:00 level=ERROR msg="error getting provider: rpc error: code = Unknown desc = failed to get provider: query execution failed: mongo: no documents in result"
time=2024-08-14T12:33:53.541+05:00 level=INFO msg="FetchServices handler is invoked"
time=2024-08-14T12:33:53.546+05:00 level=INFO msg="FetchServices handler is completed"
time=2024-08-14T12:36:03.041+05:00 level=INFO msg="GetPopularServices handler is invoked"
time=2024-08-14T12:36:03.046+05:00 level=INFO msg="GetPopularServices handler is completed"
time=2024-08-14T12:38:14.498+05:00 level=INFO msg="GetPopularServices handler is invoked"
time=2024-08-14T12:38:14.504+05:00 level=INFO msg="GetPopularServices handler is completed"
time=2024-08-14T12:41:23.398+05:00 level=INFO msg="CreateService handler is invoked"
time=2024-08-14T12:41:23.400+05:00 level=INFO msg="CreateService handler is completed"
time=2024-08-14T12:41:42.617+05:00 level=INFO msg="FetchServices handler is invoked"
time=2024-08-14T12:41:42.620+05:00 level=INFO msg="FetchServices handler is completed"
time=2024-08-14T12:42:12.565+05:00 level=INFO msg="SearchServices handler is invoked"
time=2024-08-14T12:42:12.566+05:00 level=INFO msg="SearchServices handler is completed"
time=2024-08-14T12:42:15.379+05:00 level=INFO msg="SearchServices handler is invoked"
time=2024-08-14T12:42:15.381+05:00 level=INFO msg="SearchServices handler is completed"
time=2024-08-14T12:42:23.696+05:00 level=INFO msg="SearchServices handler is invoked"
time=2024-08-14T12:42:23.698+05:00 level=INFO msg="SearchServices handler is completed"
time=2024-08-14T12:42:38.259+05:00 level=INFO msg="SearchServices handler is invoked"
time=2024-08-14T12:42:38.262+05:00 level=INFO msg="SearchServices handler is completed"
time=2024-08-14T12:42:50.614+05:00 level=INFO msg="SearchServices handler is invoked"
time=2024-08-14T12:42:50.616+05:00 level=INFO msg="SearchServices handler is completed"
time=2024-08-14T12:43:13.886+05:00 level=INFO msg="SearchServices handler is invoked"
time=2024-08-14T12:43:13.887+05:00 level=INFO msg="SearchServices handler is completed"
time=2024-08-14T12:43:31.879+05:00 level=INFO msg="SearchServices handler is invoked"
time=2024-08-14T12:43:31.881+05:00 level=INFO msg="SearchServices handler is completed"
time=2024-08-14T12:43:43.427+05:00 level=INFO msg="SearchServices handler is invoked"
time=2024-08-14T12:43:43.428+05:00 level=INFO msg="SearchServices handler is completed"
time=2024-08-14T12:43:48.834+05:00 level=INFO msg="SearchServices handler is invoked"
time=2024-08-14T12:43:48.835+05:00 level=INFO msg="SearchServices handler is completed"
time=2024-08-14T12:44:02.290+05:00 level=INFO msg="SearchServices handler is invoked"
time=2024-08-14T12:44:02.291+05:00 level=INFO msg="SearchServices handler is completed"
time=2024-08-14T12:44:14.628+05:00 level=INFO msg="GetService handler is invoked"
time=2024-08-14T12:44:14.630+05:00 level=INFO msg="GetService handler is completed"
time=2024-08-14T12:45:58.697+05:00 level=INFO msg="UpdateService handler is invoked"
time=2024-08-14T12:45:58.699+05:00 level=INFO msg="UpdateService handler is completed"
time=2024-08-14T12:46:05.242+05:00 level=INFO msg="GetService handler is invoked"
time=2024-08-14T12:46:05.244+05:00 level=INFO msg="GetService handler is completed"
time=2024-08-14T12:46:19.201+05:00 level=INFO msg="DeleteService handler is invoked"
time=2024-08-14T12:46:19.203+05:00 level=INFO msg="DeleteService handler is completed"
time=2024-08-14T12:46:23.384+05:00 level=INFO msg="GetService handler is invoked"
time=2024-08-14T12:46:23.387+05:00 level=ERROR msg="error getting service: rpc error: code = Unknown desc = failed to get service: query execution failed: mongo: no documents in result"
time=2024-08-14T12:46:35.839+05:00 level=INFO msg="GetPopularServices handler is invoked"
time=2024-08-14T12:46:35.841+05:00 level=INFO msg="GetPopularServices handler is completed"
time=2024-08-14T12:46:57.128+05:00 level=INFO msg="FetchBookings handler is invoked"
time=2024-08-14T12:46:57.132+05:00 level=INFO msg="FetchBookings handler is completed"
time=2024-08-14T12:50:41.310+05:00 level=INFO msg="CreateBooking handler is invoked"
time=2024-08-14T12:50:41.310+05:00 level=ERROR msg="error creating booking: dial tcp 127.0.0.1:9092: connect: connection refused"
time=2024-08-14T12:51:34.727+05:00 level=INFO msg="GetService handler is invoked"
time=2024-08-14T12:51:34.729+05:00 level=ERROR msg="error getting service: rpc error: code = Unknown desc = failed to get service: query execution failed: mongo: no documents in result"
time=2024-08-14T12:51:38.047+05:00 level=INFO msg="GetService handler is invoked"
time=2024-08-14T12:51:38.049+05:00 level=ERROR msg="error getting service: rpc error: code = Unknown desc = failed to get service: query execution failed: mongo: no documents in result"
time=2024-08-14T12:52:20.209+05:00 level=INFO msg="FetchServices handler is invoked"
time=2024-08-14T12:52:20.210+05:00 level=INFO msg="FetchServices handler is completed"
time=2024-08-14T12:52:44.254+05:00 level=INFO msg="GetService handler is invoked"
time=2024-08-14T12:52:44.256+05:00 level=ERROR msg="error getting service: rpc error: code = Unknown desc = failed to get service: query execution failed: mongo: no documents in result"
time=2024-08-14T12:55:58.220+05:00 level=INFO msg="GetService handler is invoked"
time=2024-08-14T12:55:58.222+05:00 level=ERROR msg="error getting service: rpc error: code = Unknown desc = failed to get service: query execution failed: mongo: no documents in result"
time=2024-08-14T12:56:09.642+05:00 level=INFO msg="GetService handler is invoked"
time=2024-08-14T12:56:09.644+05:00 level=ERROR msg="error getting service: rpc error: code = Unknown desc = failed to get service: query execution failed: mongo: no documents in result"
time=2024-08-14T12:57:50.101+05:00 level=INFO msg="GetService handler is invoked"
time=2024-08-14T12:57:50.103+05:00 level=ERROR msg="error getting service: rpc error: code = Unknown desc = failed to get service: query execution failed: mongo: no documents in result"
time=2024-08-14T12:58:00.446+05:00 level=INFO msg="GetService handler is invoked"
time=2024-08-14T12:58:00.447+05:00 level=ERROR msg="error getting service: rpc error: code = Unknown desc = failed to get service: query execution failed: mongo: no documents in result"
time=2024-08-14T12:58:14.621+05:00 level=INFO msg="GetService handler is invoked"
time=2024-08-14T12:58:14.623+05:00 level=ERROR msg="error getting service: rpc error: code = Unknown desc = failed to get service: query execution failed: mongo: no documents in result"
time=2024-08-14T13:00:21.018+05:00 level=INFO msg="SearchServices handler is invoked"
time=2024-08-14T13:00:21.022+05:00 level=INFO msg="SearchServices handler is completed"
time=2024-08-14T13:00:34.118+05:00 level=INFO msg="GetService handler is invoked"
time=2024-08-14T13:00:34.120+05:00 level=ERROR msg="error getting service: rpc error: code = Unknown desc = failed to get service: query execution failed: mongo: no documents in result"
time=2024-08-14T13:02:51.119+05:00 level=INFO msg="GetService handler is invoked"
time=2024-08-14T13:02:51.123+05:00 level=ERROR msg="error getting service: rpc error: code = Unknown desc = failed to get service: service not found"
time=2024-08-14T13:03:21.305+05:00 level=INFO msg="SearchServices handler is invoked"
time=2024-08-14T13:03:21.309+05:00 level=INFO msg="SearchServices handler is completed"
time=2024-08-14T13:03:40.662+05:00 level=INFO msg="GetService handler is invoked"
time=2024-08-14T13:03:40.664+05:00 level=ERROR msg="error getting service: rpc error: code = Unknown desc = failed to get service: service not found"
time=2024-08-14T13:07:28.297+05:00 level=INFO msg="GetPopularServices handler is invoked"
time=2024-08-14T13:07:28.302+05:00 level=INFO msg="GetPopularServices handler is completed"
time=2024-08-14T13:07:47.289+05:00 level=INFO msg="GetService handler is invoked"
time=2024-08-14T13:07:47.290+05:00 level=ERROR msg="error getting service: rpc error: code = Unknown desc = failed to get service: query execution failed: mongo: no documents in result"
time=2024-08-14T13:10:00.271+05:00 level=INFO msg="GetService handler is invoked"
time=2024-08-14T13:10:00.273+05:00 level=ERROR msg="error getting service: rpc error: code = Unknown desc = failed to get service: query execution failed: mongo: no documents in result"
time=2024-08-14T13:10:12.774+05:00 level=INFO msg="GetPopularServices handler is invoked"
time=2024-08-14T13:10:12.776+05:00 level=INFO msg="GetPopularServices handler is completed"
time=2024-08-14T13:11:21.476+05:00 level=INFO msg="CreateService handler is invoked"
time=2024-08-14T13:11:21.479+05:00 level=INFO msg="CreateService handler is completed"
time=2024-08-14T13:11:44.546+05:00 level=INFO msg="GetService handler is invoked"
time=2024-08-14T13:11:44.548+05:00 level=INFO msg="GetService handler is completed"
time=2024-08-14T13:12:07.293+05:00 level=INFO msg="SearchServices handler is invoked"
time=2024-08-14T13:12:07.296+05:00 level=INFO msg="SearchServices handler is completed"
time=2024-08-14T13:12:23.420+05:00 level=INFO msg="GetService handler is invoked"
time=2024-08-14T13:12:23.421+05:00 level=ERROR msg="error getting service: rpc error: code = Unknown desc = failed to get service: query execution failed: mongo: no documents in result"
time=2024-08-14T13:12:33.622+05:00 level=INFO msg="DeleteService handler is invoked"
time=2024-08-14T13:12:33.623+05:00 level=INFO msg="DeleteService handler is completed"
time=2024-08-14T13:13:04.999+05:00 level=INFO msg="DeleteService handler is invoked"
time=2024-08-14T13:13:05.000+05:00 level=INFO msg="DeleteService handler is completed"
time=2024-08-14T13:37:51.553+05:00 level=INFO msg="GetPopularServices handler is invoked"
time=2024-08-14T13:37:51.556+05:00 level=INFO msg="GetPopularServices handler is completed"
time=2024-08-14T13:38:05.123+05:00 level=INFO msg="GetService handler is invoked"
time=2024-08-14T13:38:05.124+05:00 level=INFO msg="GetService handler is completed"
time=2024-08-14T13:40:35.190+05:00 level=INFO msg="SearchServices handler is invoked"
time=2024-08-14T13:40:35.192+05:00 level=INFO msg="SearchServices handler is completed"
time=2024-08-14T13:43:26.461+05:00 level=INFO msg="CreateBooking handler is invoked"
time=2024-08-14T13:43:26.461+05:00 level=ERROR msg="error creating booking: dial tcp 127.0.0.1:9092: connect: connection refused"
time=2024-08-14T13:45:13.885+05:00 level=INFO msg="CreateBooking handler is invoked"
time=2024-08-14T13:45:13.913+05:00 level=ERROR msg="error creating booking: [5] Leader Not Available: the cluster is in the middle of a leadership election and there is currently no leader for this partition and hence it is unavailable for writes"
time=2024-08-14T13:46:09.467+05:00 level=INFO msg="CreateBooking handler is invoked"
time=2024-08-14T13:46:10.471+05:00 level=INFO msg="CreateBooking handler is completed"
time=2024-08-14T13:50:44.925+05:00 level=INFO msg="GetBooking handler is invoked"
time=2024-08-14T13:50:44.927+05:00 level=INFO msg="GetBooking handler is completed"
time=2024-08-14T13:51:13.352+05:00 level=INFO msg="UpdateBooking handler is invoked"
time=2024-08-14T13:51:14.355+05:00 level=INFO msg="UpdateBooking handler is completed"
time=2024-08-14T13:51:34.423+05:00 level=INFO msg="CancelBooking handler is invoked"
time=2024-08-14T13:51:35.424+05:00 level=INFO msg="CancelBooking handler is completed"
time=2024-08-14T13:51:45.580+05:00 level=INFO msg="GetBooking handler is invoked"
time=2024-08-14T13:51:45.581+05:00 level=INFO msg="GetBooking handler is completed"
time=2024-08-14T13:54:45.874+05:00 level=INFO msg="FetchBookings handler is invoked"
time=2024-08-14T13:54:45.876+05:00 level=INFO msg="FetchBookings handler is completed"
time=2024-08-14T13:55:27.770+05:00 level=INFO msg="GetPopularServices handler is invoked"
time=2024-08-14T13:55:27.772+05:00 level=INFO msg="GetPopularServices handler is completed"
time=2024-08-14T14:01:23.181+05:00 level=INFO msg="CreateBooking handler is invoked"
time=2024-08-14T14:01:24.186+05:00 level=INFO msg="CreateBooking handler is completed"
time=2024-08-14T14:05:08.665+05:00 level=INFO msg="CreateBooking handler is invoked"
time=2024-08-14T14:05:09.668+05:00 level=INFO msg="CreateBooking handler is completed"
time=2024-08-14T14:07:20.491+05:00 level=INFO msg="CreateBooking handler is invoked"
time=2024-08-14T14:07:21.493+05:00 level=INFO msg="CreateBooking handler is completed"
time=2024-08-14T14:08:49.230+05:00 level=INFO msg="CreateBooking handler is invoked"
time=2024-08-14T14:08:50.235+05:00 level=INFO msg="CreateBooking handler is completed"
time=2024-08-14T14:09:16.602+05:00 level=INFO msg="CreateBooking handler is invoked"
time=2024-08-14T14:09:17.602+05:00 level=INFO msg="CreateBooking handler is completed"
time=2024-08-14T14:09:29.455+05:00 level=INFO msg="CreateBooking handler is invoked"
time=2024-08-14T14:09:30.456+05:00 level=INFO msg="CreateBooking handler is completed"
time=2024-08-14T14:29:58.544+05:00 level=INFO msg="GetPopularServices handler is invoked"
time=2024-08-14T14:29:58.545+05:00 level=INFO msg="GetPopularServices handler is completed"
time=2024-08-14T14:31:31.811+05:00 level=INFO msg="GetPopularServices handler is invoked"
time=2024-08-14T14:31:31.812+05:00 level=INFO msg="GetPopularServices handler is completed"
time=2024-08-14T14:31:32.104+05:00 level=INFO msg="GetPopularServices handler is invoked"
time=2024-08-14T14:31:32.104+05:00 level=INFO msg="GetPopularServices handler is completed"
time=2024-08-14T14:32:36.035+05:00 level=INFO msg="GetPopularServices handler is invoked"
time=2024-08-14T14:32:36.036+05:00 level=INFO msg="GetPopularServices handler is completed"
time=2024-08-14T14:36:29.955+05:00 level=INFO msg="GetPopularServices handler is invoked"
time=2024-08-14T14:36:29.956+05:00 level=INFO msg="GetPopularServices handler is completed"
time=2024-08-14T14:37:03.264+05:00 level=INFO msg="GetPopularServices handler is invoked"
time=2024-08-14T14:37:03.265+05:00 level=INFO msg="GetPopularServices handler is completed"
time=2024-08-14T14:37:19.176+05:00 level=INFO msg="CreateBooking handler is invoked"
time=2024-08-14T14:37:20.179+05:00 level=INFO msg="CreateBooking handler is completed"
time=2024-08-14T14:37:27.799+05:00 level=INFO msg="GetPopularServices handler is invoked"
time=2024-08-14T14:37:27.799+05:00 level=INFO msg="GetPopularServices handler is completed"
time=2024-08-14T14:37:31.512+05:00 level=INFO msg="GetPopularServices handler is invoked"
time=2024-08-14T14:37:31.512+05:00 level=INFO msg="GetPopularServices handler is completed"
time=2024-08-14T15:00:31.746+05:00 level=INFO msg="GetPopularServices handler is invoked"
time=2024-08-14T15:00:31.748+05:00 level=INFO msg="GetPopularServices handler is completed"
time=2024-08-14T15:01:08.624+05:00 level=INFO msg="GetPopularServices handler is invoked"
time=2024-08-14T15:01:08.625+05:00 level=INFO msg="GetPopularServices handler is completed"
time=2024-08-14T15:01:55.801+05:00 level=INFO msg="GetPopularServices handler is invoked"
time=2024-08-14T15:01:55.802+05:00 level=INFO msg="GetPopularServices handler is completed"
time=2024-08-14T15:03:05.272+05:00 level=INFO msg="CreateNotification handler is invoked"
time=2024-08-14T15:03:06.278+05:00 level=INFO msg="CreateNotification handler is completed"
time=2024-08-14T15:03:32.018+05:00 level=INFO msg="GetNotification handler is invoked"
time=2024-08-14T15:03:32.020+05:00 level=INFO msg="GetNotification handler is completed"
time=2024-08-14T15:05:17.669+05:00 level=INFO msg="CreatePayment handler is invoked"
time=2024-08-14T15:05:18.670+05:00 level=INFO msg="CreatePayment handler is completed"
time=2024-08-14T15:07:04.071+05:00 level=INFO msg="CreatePayment handler is invoked"
time=2024-08-14T15:07:05.074+05:00 level=INFO msg="CreatePayment handler is completed"
time=2024-08-14T15:08:10.728+05:00 level=INFO msg="CreatePayment handler is invoked"
time=2024-08-14T15:08:11.730+05:00 level=INFO msg="CreatePayment handler is completed"
time=2024-08-14T15:08:31.609+05:00 level=INFO msg="CreatePayment handler is invoked"
time=2024-08-14T15:08:32.609+05:00 level=INFO msg="CreatePayment handler is completed"
time=2024-08-14T15:10:32.636+05:00 level=INFO msg="FetchPayments handler is invoked"
time=2024-08-14T15:10:32.638+05:00 level=INFO msg="FetchPayments handler is completed"
time=2024-08-14T15:10:57.889+05:00 level=INFO msg="GetPayment handler is invoked"
time=2024-08-14T15:10:57.890+05:00 level=INFO msg="GetPayment handler is completed"
time=2024-08-14T15:11:44.593+05:00 level=INFO msg="CreateReview handler is invoked"
time=2024-08-14T15:11:45.594+05:00 level=INFO msg="CreateReview handler is completed"
time=2024-08-14T15:12:17.133+05:00 level=INFO msg="GetReview handler is invoked"
time=2024-08-14T15:12:17.135+05:00 level=INFO msg="GetReview handler is completed"
time=2024-08-14T15:12:48.272+05:00 level=INFO msg="UpdateReview handler is invoked"
time=2024-08-14T15:12:48.273+05:00 level=INFO msg="UpdateReview handler is completed"
time=2024-08-14T15:13:03.847+05:00 level=INFO msg="FetchReviews handler is invoked"
time=2024-08-14T15:13:03.848+05:00 level=INFO msg="FetchReviews handler is completed"
time=2024-08-14T15:13:14.220+05:00 level=INFO msg="DeleteReview handler is invoked"
time=2024-08-14T15:13:14.221+05:00 level=INFO msg="DeleteReview handler is completed"
time=2024-08-14T15:13:19.587+05:00 level=INFO msg="FetchReviews handler is invoked"
time=2024-08-14T15:13:19.588+05:00 level=INFO msg="FetchReviews handler is completed"
time=2024-08-14T15:13:27.509+05:00 level=INFO msg="DeleteReview handler is invoked"
time=2024-08-14T15:13:27.510+05:00 level=ERROR msg="error deleting review: rpc error: code = Unknown desc = failed to delete review: document not found"
time=2024-08-14T15:16:40.475+05:00 level=INFO msg="CreateReview handler is invoked"
time=2024-08-14T15:16:41.478+05:00 level=INFO msg="CreateReview handler is completed"
time=2024-08-14T15:17:05.896+05:00 level=INFO msg="DeleteReview handler is invoked"
time=2024-08-14T15:17:05.898+05:00 level=INFO msg="DeleteReview handler is completed"
time=2024-08-14T15:17:12.011+05:00 level=INFO msg="DeleteReview handler is invoked"
time=2024-08-14T15:17:12.011+05:00 level=INFO msg="DeleteReview handler is completed"
