time=2024-08-12T13:48:15.661+05:00 level=INFO msg="Register handler is invoked"
time=2024-08-12T13:48:15.724+05:00 level=INFO msg="Register handler is completed successfully"
time=2024-08-12T13:48:30.340+05:00 level=INFO msg="Login handler is invoked"
time=2024-08-12T13:48:30.393+05:00 level=INFO msg="Login handler is completed successfully"
time=2024-08-12T13:48:46.485+05:00 level=INFO msg="ValidateToken handler is invoked"
time=2024-08-12T13:48:46.485+05:00 level=INFO msg="ValidateToken handler is completed successfully"
time=2024-08-12T13:48:51.769+05:00 level=INFO msg="ValidateToken handler is invoked"
time=2024-08-12T13:48:51.769+05:00 level=ERROR msg="error validating access token: validation failed: failed to parse access token: signature is invalid"
time=2024-08-12T13:49:06.591+05:00 level=INFO msg="ValidateToken handler is invoked"
time=2024-08-12T13:49:06.591+05:00 level=ERROR msg="error validating access token: validation failed: failed to parse access token: token contains an invalid number of segments"
time=2024-08-12T13:49:14.846+05:00 level=INFO msg="ValidateToken handler is invoked"
time=2024-08-12T13:49:14.846+05:00 level=ERROR msg="error validating access token: validation failed: failed to parse access token: token contains an invalid number of segments"
time=2024-08-12T13:49:45.144+05:00 level=INFO msg="RefreshToken handler is invoked"
time=2024-08-12T13:49:45.153+05:00 level=INFO msg="RefreshToken handler is completed successfully"
time=2024-08-12T13:49:56.951+05:00 level=INFO msg="ValidateToken handler is invoked"
time=2024-08-12T13:49:56.951+05:00 level=INFO msg="ValidateToken handler is completed successfully"
time=2024-08-12T13:50:20.888+05:00 level=INFO msg="Logout handler is invoked"
time=2024-08-12T13:50:20.889+05:00 level=INFO msg="Logout handler is completed successfully"
time=2024-08-12T13:50:33.441+05:00 level=INFO msg="ValidateToken handler is invoked"
time=2024-08-12T13:50:33.441+05:00 level=INFO msg="ValidateToken handler is completed successfully"
time=2024-08-12T13:50:44.611+05:00 level=INFO msg="RefreshToken handler is invoked"
time=2024-08-12T13:50:44.612+05:00 level=ERROR msg="error validating refresh token: validation failed: token not found for ad5f6bd3-d4d5-45ff-8e9b-7d050edff423"
time=2024-08-12T13:51:12.725+05:00 level=INFO msg="Login handler is invoked"
time=2024-08-12T13:51:12.778+05:00 level=INFO msg="Login handler is completed successfully"
time=2024-08-12T13:51:16.493+05:00 level=INFO msg="RefreshToken handler is invoked"
time=2024-08-12T13:51:41.583+05:00 level=INFO msg="RefreshToken handler is invoked"
time=2024-08-12T13:51:41.584+05:00 level=INFO msg="RefreshToken handler is completed successfully"
time=2024-08-12T13:54:47.587+05:00 level=INFO msg="Login handler is invoked"
time=2024-08-12T13:54:47.640+05:00 level=INFO msg="Login handler is completed successfully"
time=2024-08-12T13:55:18.052+05:00 level=INFO msg="Login handler is invoked"
time=2024-08-12T13:55:18.105+05:00 level=INFO msg="Login handler is completed successfully"
time=2024-08-12T13:55:35.058+05:00 level=INFO msg="RefreshToken handler is invoked"
time=2024-08-12T13:55:35.058+05:00 level=INFO msg="RefreshToken handler is completed successfully"
time=2024-08-12T13:55:50.254+05:00 level=INFO msg="Logout handler is invoked"
time=2024-08-12T13:55:50.255+05:00 level=INFO msg="Logout handler is completed successfully"
time=2024-08-12T13:56:04.765+05:00 level=INFO msg="RefreshToken handler is invoked"
time=2024-08-12T13:56:04.766+05:00 level=ERROR msg="error validating refresh token: validation failed: token not found for ad5f6bd3-d4d5-45ff-8e9b-7d050edff423"
time=2024-08-12T13:56:18.065+05:00 level=INFO msg="Login handler is invoked"
time=2024-08-12T13:56:18.117+05:00 level=INFO msg="Login handler is completed successfully"
time=2024-08-12T13:56:21.686+05:00 level=INFO msg="RefreshToken handler is invoked"
time=2024-08-12T13:56:21.687+05:00 level=ERROR msg="error validating refresh token: invalid refresh token"
time=2024-08-13T15:10:25.168+05:00 level=INFO msg="Login handler is invoked"
time=2024-08-13T15:10:25.231+05:00 level=INFO msg="Login handler is completed successfully"
time=2024-08-13T15:10:41.462+05:00 level=INFO msg="ValidateUser is invoked" request="id:\"ad5f6bd3-d4d5-45ff-8e9b-7d050edff423\""
time=2024-08-13T15:10:41.471+05:00 level=INFO msg="ValidateUser is completed"
time=2024-08-13T15:10:54.618+05:00 level=INFO msg="ValidateUser is invoked" request="id:\"ad5f6bd3-d4d5-45ff-8e9b-7d050edff423\""
time=2024-08-13T15:10:54.619+05:00 level=INFO msg="ValidateUser is completed"
time=2024-08-13T15:11:10.721+05:00 level=INFO msg="ValidateUser is invoked" request="id:\"ad5f6bd3-d4d5-45ff-8e9b-7d050edff423\""
time=2024-08-13T15:11:10.721+05:00 level=INFO msg="ValidateUser is completed"
time=2024-08-13T15:11:23.052+05:00 level=INFO msg="ValidateUser is invoked" request="id:\"ad5f6bd3-d4d5-45ff-8e9b-7d050edff423\""
time=2024-08-13T15:11:23.052+05:00 level=INFO msg="ValidateUser is completed"
time=2024-08-13T15:11:36.263+05:00 level=INFO msg="ValidateUser is invoked" request="id:\"ad5f6bd3-d4d5-45ff-8e9b-7d050edff423\""
time=2024-08-13T15:11:36.264+05:00 level=INFO msg="ValidateUser is completed"
time=2024-08-13T15:11:51.389+05:00 level=INFO msg="ValidateUser is invoked" request="id:\"ad5f6bd3-d4d5-45ff-8e9b-7d050edff423\""
time=2024-08-13T15:11:51.389+05:00 level=INFO msg="ValidateUser is completed"
time=2024-08-13T15:12:15.242+05:00 level=INFO msg="ValidateUser is invoked" request="id:\"ad5f6bd3-d4d5-45ff-8e9b-7d050edff423\""
time=2024-08-13T15:12:15.242+05:00 level=INFO msg="ValidateUser is completed"
time=2024-08-13T15:14:02.499+05:00 level=INFO msg="Register handler is invoked"
time=2024-08-13T15:14:02.560+05:00 level=ERROR msg="error registering user: query execution failed: pq: invalid input value for enum roles: \"user\""
time=2024-08-13T15:15:06.780+05:00 level=INFO msg="Login handler is invoked"
time=2024-08-13T15:15:06.834+05:00 level=INFO msg="Login handler is completed successfully"
time=2024-08-13T15:15:25.525+05:00 level=INFO msg="ValidateUser is invoked" request="id:\"ad5f6bd3-d4d5-45ff-8e9b-7d050edff423\""
time=2024-08-13T15:15:25.526+05:00 level=INFO msg="ValidateUser is completed"
time=2024-08-13T15:17:11.370+05:00 level=INFO msg="ValidateUser is invoked" request="id:\"ad5f6bd3-d4d5-45ff-8e9b-7d050edff423\""
time=2024-08-13T15:17:11.371+05:00 level=INFO msg="ValidateUser is completed"
time=2024-08-13T15:17:31.991+05:00 level=INFO msg="ValidateUser is invoked" request="id:\"ad5f6bd3-d4d5-45ff-8e9b-7d050edff423\""
time=2024-08-13T15:17:31.991+05:00 level=INFO msg="ValidateUser is completed"
time=2024-08-13T15:23:11.149+05:00 level=INFO msg="ValidateUser is invoked" request="id:\"ad5f6bd3-d4d5-45ff-8e9b-7d050edff423\""
time=2024-08-13T15:23:11.150+05:00 level=INFO msg="ValidateUser is completed"
time=2024-08-13T15:27:15.668+05:00 level=INFO msg="ValidateUser is invoked" request="id:\"ad5f6bd3-d4d5-45ff-8e9b-7d050edff423\""
time=2024-08-13T15:27:15.669+05:00 level=INFO msg="ValidateUser is completed"
time=2024-08-13T15:31:08.084+05:00 level=INFO msg="ValidateUser is invoked" request="id:\"ad5f6bd3-d4d5-45ff-8e9b-7d050edff423\""
time=2024-08-13T15:31:08.084+05:00 level=INFO msg="ValidateUser is completed"
time=2024-08-13T15:33:10.033+05:00 level=INFO msg="ValidateUser is invoked" request="id:\"ad5f6bd3-d4d5-45ff-8e9b-7d050edff423\""
time=2024-08-13T15:33:10.033+05:00 level=INFO msg="ValidateUser is completed"
time=2024-08-13T15:33:10.064+05:00 level=INFO msg="GetProfile is invoked" request="id:\"ad5f6bd3-d4d5-45ff-8e9b-7d050edff423\""
time=2024-08-13T15:33:10.065+05:00 level=INFO msg="GetProfile is completed" response="email:\"string\"  first_name:\"string\"  last_name:\"string\"  phone_number:\"string\"  created_at:\"2024-08-12T13:48:15.714159Z\"  updated_at:\"2024-08-12T13:48:15.714159Z\""
time=2024-08-13T15:33:20.075+05:00 level=INFO msg="ValidateUser is invoked" request="id:\"ad5f6bd3-d4d5-45ff-8e9b-7d050edff423\""
time=2024-08-13T15:33:20.075+05:00 level=INFO msg="ValidateUser is completed"
time=2024-08-13T15:33:20.105+05:00 level=INFO msg="GetProfile is invoked" request="id:\"ad5f6bd3-d4d5-45ff-8e9b-7d050edff423\""
time=2024-08-13T15:33:20.105+05:00 level=INFO msg="GetProfile is completed" response="email:\"string\"  first_name:\"string\"  last_name:\"string\"  phone_number:\"string\"  created_at:\"2024-08-12T13:48:15.714159Z\"  updated_at:\"2024-08-12T13:48:15.714159Z\""
time=2024-08-13T15:34:29.110+05:00 level=INFO msg="ValidateUser is invoked" request="id:\"ad5f6bd3-d4d5-45ff-8e9b-7d050edff423\""
time=2024-08-13T15:34:29.110+05:00 level=INFO msg="ValidateUser is completed"
time=2024-08-13T15:34:29.127+05:00 level=INFO msg="UpdateProfile is invoked" request="id:\"ad5f6bd3-d4d5-45ff-8e9b-7d050edff423\"  email:\"string\"  first_name:\"string\"  last_name:\"string\"  phone_number:\"+999 (88) 777-66-55\""
time=2024-08-13T15:34:29.130+05:00 level=INFO msg="UpdateProfile is completed" response="id:\"ad5f6bd3-d4d5-45ff-8e9b-7d050edff423\"  updated_at:\"2024-08-13T15:34:29.127641Z\""
time=2024-08-13T15:34:38.363+05:00 level=INFO msg="ValidateUser is invoked" request="id:\"ad5f6bd3-d4d5-45ff-8e9b-7d050edff423\""
time=2024-08-13T15:34:38.363+05:00 level=INFO msg="ValidateUser is completed"
time=2024-08-13T15:34:38.380+05:00 level=INFO msg="GetProfile is invoked" request="id:\"ad5f6bd3-d4d5-45ff-8e9b-7d050edff423\""
time=2024-08-13T15:34:38.380+05:00 level=INFO msg="GetProfile is completed" response="email:\"string\"  first_name:\"string\"  last_name:\"string\"  phone_number:\"+999 (88) 777-66-55\"  created_at:\"2024-08-12T13:48:15.714159Z\"  updated_at:\"2024-08-13T15:34:29.127641Z\""
time=2024-08-13T15:34:51.266+05:00 level=INFO msg="ValidateUser is invoked" request="id:\"ad5f6bd3-d4d5-45ff-8e9b-7d050edff423\""
time=2024-08-13T15:34:51.266+05:00 level=INFO msg="ValidateUser is completed"
time=2024-08-13T15:35:56.537+05:00 level=INFO msg="ValidateUser is invoked" request="id:\"ad5f6bd3-d4d5-45ff-8e9b-7d050edff423\""
time=2024-08-13T15:35:56.537+05:00 level=INFO msg="ValidateUser is completed"
time=2024-08-13T15:36:10.347+05:00 level=INFO msg="ValidateUser is invoked" request="id:\"ad5f6bd3-d4d5-45ff-8e9b-7d050edff423\""
time=2024-08-13T15:36:10.347+05:00 level=INFO msg="ValidateUser is completed"
time=2024-08-13T15:36:51.083+05:00 level=INFO msg="Register handler is invoked"
time=2024-08-13T15:36:51.146+05:00 level=INFO msg="Register handler is completed successfully"
time=2024-08-13T15:37:02.615+05:00 level=INFO msg="Login handler is invoked"
time=2024-08-13T15:37:02.668+05:00 level=INFO msg="Login handler is completed successfully"
time=2024-08-13T15:37:21.193+05:00 level=INFO msg="ValidateUser is invoked" request="id:\"7b1c5099-e482-4472-8f51-13c44fae1445\""
time=2024-08-13T15:37:21.193+05:00 level=INFO msg="ValidateUser is completed"
time=2024-08-13T15:37:21.210+05:00 level=INFO msg="GetProfile is invoked" request="id:\"7b1c5099-e482-4472-8f51-13c44fae1445\""
time=2024-08-13T15:37:21.211+05:00 level=INFO msg="GetProfile is completed" response="email:\"provider\"  first_name:\"string\"  last_name:\"string\"  phone_number:\"string\"  created_at:\"2024-08-13T15:36:51.135522Z\"  updated_at:\"2024-08-13T15:36:51.135522Z\""
time=2024-08-13T15:37:36.000+05:00 level=INFO msg="ValidateUser is invoked" request="id:\"7b1c5099-e482-4472-8f51-13c44fae1445\""
time=2024-08-13T15:37:36.001+05:00 level=INFO msg="ValidateUser is completed"
time=2024-08-13T15:37:36.017+05:00 level=INFO msg="UpdateProfile is invoked" request="id:\"7b1c5099-e482-4472-8f51-13c44fae1445\"  email:\"string\"  first_name:\"string\"  last_name:\"string\"  phone_number:\"string\""
time=2024-08-13T15:37:36.018+05:00 level=ERROR msg="failed to update profile: query execution failed: pq: duplicate key value violates unique constraint \"users_email_key\""
time=2024-08-13T15:37:53.984+05:00 level=INFO msg="ValidateUser is invoked" request="id:\"7b1c5099-e482-4472-8f51-13c44fae1445\""
time=2024-08-13T15:37:53.985+05:00 level=INFO msg="ValidateUser is completed"
time=2024-08-13T15:38:03.600+05:00 level=INFO msg="ValidateUser is invoked" request="id:\"7b1c5099-e482-4472-8f51-13c44fae1445\""
time=2024-08-13T15:38:03.601+05:00 level=INFO msg="ValidateUser is completed"
time=2024-08-13T15:40:03.387+05:00 level=INFO msg="ValidateUser is invoked" request="id:\"7b1c5099-e482-4472-8f51-13c44fae1445\""
time=2024-08-13T15:40:03.387+05:00 level=INFO msg="ValidateUser is completed"
time=2024-08-13T15:40:03.406+05:00 level=INFO msg="GetProfile is invoked" request="id:\"7b1c5099-e482-4472-8f51-13c44fae1445\""
time=2024-08-13T15:40:03.406+05:00 level=INFO msg="GetProfile is completed" response="email:\"provider\"  first_name:\"string\"  last_name:\"string\"  phone_number:\"string\"  created_at:\"2024-08-13T15:36:51.135522Z\"  updated_at:\"2024-08-13T15:36:51.135522Z\""
time=2024-08-13T15:41:13.376+05:00 level=INFO msg="ValidateUser is invoked" request="id:\"7b1c5099-e482-4472-8f51-13c44fae1445\""
time=2024-08-13T15:41:13.377+05:00 level=INFO msg="ValidateUser is completed"
time=2024-08-13T15:43:28.258+05:00 level=INFO msg="ValidateUser is invoked" request="id:\"7b1c5099-e482-4472-8f51-13c44fae1445\""
time=2024-08-13T15:43:28.259+05:00 level=INFO msg="ValidateUser is completed"
time=2024-08-13T15:43:28.275+05:00 level=INFO msg="GetProfile is invoked" request="id:\"7b1c5099-e482-4472-8f51-13c44fae1445\""
time=2024-08-13T15:43:28.276+05:00 level=INFO msg="GetProfile is completed" response="email:\"provider\"  first_name:\"string\"  last_name:\"string\"  phone_number:\"string\"  created_at:\"2024-08-13T15:36:51.135522Z\"  updated_at:\"2024-08-13T15:36:51.135522Z\""
time=2024-08-13T15:44:19.355+05:00 level=INFO msg="Register handler is invoked"
time=2024-08-13T15:44:19.418+05:00 level=INFO msg="Register handler is completed successfully"
time=2024-08-13T15:44:29.669+05:00 level=INFO msg="Login handler is invoked"
time=2024-08-13T15:44:29.722+05:00 level=INFO msg="Login handler is completed successfully"
time=2024-08-13T15:44:43.597+05:00 level=INFO msg="ValidateUser is invoked" request="id:\"db034143-d73c-4aa5-8016-5f02ca9d5173\""
time=2024-08-13T15:44:43.598+05:00 level=INFO msg="ValidateUser is completed"
time=2024-08-13T15:44:43.616+05:00 level=INFO msg="GetProfile is invoked" request="id:\"db034143-d73c-4aa5-8016-5f02ca9d5173\""
time=2024-08-13T15:44:43.616+05:00 level=INFO msg="GetProfile is completed" response="email:\"admin\"  first_name:\"string\"  last_name:\"string\"  phone_number:\"string\"  created_at:\"2024-08-13T15:44:19.407639Z\"  updated_at:\"2024-08-13T15:44:19.407639Z\""
time=2024-08-13T15:44:53.828+05:00 level=INFO msg="ValidateUser is invoked" request="id:\"db034143-d73c-4aa5-8016-5f02ca9d5173\""
time=2024-08-13T15:44:53.828+05:00 level=INFO msg="ValidateUser is completed"
time=2024-08-13T15:45:36.848+05:00 level=INFO msg="Login handler is invoked"
time=2024-08-13T15:45:36.901+05:00 level=INFO msg="Login handler is completed successfully"
time=2024-08-13T15:45:54.199+05:00 level=INFO msg="ValidateUser is invoked" request="id:\"ad5f6bd3-d4d5-45ff-8e9b-7d050edff423\""
time=2024-08-13T15:45:54.200+05:00 level=INFO msg="ValidateUser is completed"
time=2024-08-13T15:46:10.700+05:00 level=INFO msg="ValidateUser is invoked" request="id:\"ad5f6bd3-d4d5-45ff-8e9b-7d050edff423\""
time=2024-08-13T15:46:10.700+05:00 level=INFO msg="ValidateUser is completed"
time=2024-08-13T19:41:10.964+05:00 level=INFO msg="Login handler is invoked"
time=2024-08-13T19:41:11.080+05:00 level=INFO msg="Login handler is completed successfully"
time=2024-08-14T01:17:03.709+05:00 level=INFO msg="Login handler is invoked"
time=2024-08-14T01:17:03.779+05:00 level=INFO msg="Login handler is completed successfully"
time=2024-08-14T01:17:46.475+05:00 level=INFO msg="ValidateUser is invoked" request="id:\"ad5f6bd3-d4d5-45ff-8e9b-7d050edff423\""
time=2024-08-14T01:17:46.484+05:00 level=INFO msg="ValidateUser is completed"
time=2024-08-14T01:18:20.438+05:00 level=INFO msg="ValidateUser is invoked" request="id:\"ad5f6bd3-d4d5-45ff-8e9b-7d050edff423\""
time=2024-08-14T01:18:20.439+05:00 level=INFO msg="ValidateUser is completed"
time=2024-08-14T01:20:58.352+05:00 level=INFO msg="ValidateUser is invoked" request="id:\"ad5f6bd3-d4d5-45ff-8e9b-7d050edff423\""
time=2024-08-14T01:20:58.353+05:00 level=INFO msg="ValidateUser is completed"
time=2024-08-14T01:22:22.065+05:00 level=INFO msg="ValidateUser is invoked" request="id:\"ad5f6bd3-d4d5-45ff-8e9b-7d050edff423\""
time=2024-08-14T01:22:22.065+05:00 level=INFO msg="ValidateUser is completed"
time=2024-08-14T01:31:54.246+05:00 level=INFO msg="ValidateUser is invoked" request="id:\"ad5f6bd3-d4d5-45ff-8e9b-7d050edff423\""
time=2024-08-14T01:31:54.247+05:00 level=INFO msg="ValidateUser is completed"
time=2024-08-14T01:38:09.943+05:00 level=INFO msg="ValidateUser is invoked" request="id:\"ad5f6bd3-d4d5-45ff-8e9b-7d050edff423\""
time=2024-08-14T01:38:09.945+05:00 level=INFO msg="ValidateUser is completed"
time=2024-08-14T01:55:51.334+05:00 level=INFO msg="Login handler is invoked"
time=2024-08-14T01:55:51.446+05:00 level=INFO msg="Login handler is completed successfully"
time=2024-08-14T01:56:24.221+05:00 level=INFO msg="ValidateUser is invoked" request="id:\"ad5f6bd3-d4d5-45ff-8e9b-7d050edff423\""
time=2024-08-14T01:56:24.222+05:00 level=INFO msg="ValidateUser is completed"
time=2024-08-14T01:59:51.290+05:00 level=INFO msg="ValidateUser is invoked" request="id:\"ad5f6bd3-d4d5-45ff-8e9b-7d050edff423\""
time=2024-08-14T01:59:51.292+05:00 level=INFO msg="ValidateUser is completed"
time=2024-08-14T12:07:54.188+05:00 level=INFO msg="Login handler is invoked"
time=2024-08-14T12:07:54.305+05:00 level=INFO msg="Login handler is completed successfully"
time=2024-08-14T12:08:13.105+05:00 level=INFO msg="ValidateUser is invoked" request="id:\"db034143-d73c-4aa5-8016-5f02ca9d5173\""
time=2024-08-14T12:08:13.112+05:00 level=INFO msg="ValidateUser is completed"
time=2024-08-14T12:08:13.129+05:00 level=INFO msg="GetProfile is invoked" request="id:\"db034143-d73c-4aa5-8016-5f02ca9d5173\""
time=2024-08-14T12:08:13.129+05:00 level=INFO msg="GetProfile is completed" response="email:\"admin\"  first_name:\"string\"  last_name:\"string\"  phone_number:\"string\"  created_at:\"2024-08-13T15:44:19.407639Z\"  updated_at:\"2024-08-13T15:44:19.407639Z\""
time=2024-08-14T12:08:24.920+05:00 level=INFO msg="ValidateUser is invoked" request="id:\"db034143-d73c-4aa5-8016-5f02ca9d5173\""
time=2024-08-14T12:08:24.921+05:00 level=INFO msg="ValidateUser is completed"
time=2024-08-14T12:08:24.944+05:00 level=INFO msg="GetProfile is invoked" request="id:\"db034143-d73c-4aa5-8016-5f02ca9d5173\""
time=2024-08-14T12:08:24.944+05:00 level=INFO msg="GetProfile is completed" response="email:\"admin\"  first_name:\"string\"  last_name:\"string\"  phone_number:\"string\"  created_at:\"2024-08-13T15:44:19.407639Z\"  updated_at:\"2024-08-13T15:44:19.407639Z\""
time=2024-08-14T12:09:36.703+05:00 level=INFO msg="ValidateUser is invoked" request="id:\"db034143-d73c-4aa5-8016-5f02ca9d5173\""
time=2024-08-14T12:09:36.704+05:00 level=INFO msg="ValidateUser is completed"
time=2024-08-14T12:09:36.725+05:00 level=INFO msg="UpdateProfile is invoked" request="id:\"db034143-d73c-4aa5-8016-5f02ca9d5173\"  email:\"some@gmail.com\"  first_name:\"John\"  last_name:\"Doe\"  phone_number:\"+998 (99) 123-56-78\""
time=2024-08-14T12:09:36.728+05:00 level=INFO msg="UpdateProfile is completed" response="id:\"db034143-d73c-4aa5-8016-5f02ca9d5173\"  updated_at:\"2024-08-14T12:09:36.726927Z\""
time=2024-08-14T12:09:48.681+05:00 level=INFO msg="ValidateUser is invoked" request="id:\"db034143-d73c-4aa5-8016-5f02ca9d5173\""
time=2024-08-14T12:09:48.682+05:00 level=INFO msg="ValidateUser is completed"
time=2024-08-14T12:09:48.706+05:00 level=INFO msg="GetProfile is invoked" request="id:\"db034143-d73c-4aa5-8016-5f02ca9d5173\""
time=2024-08-14T12:09:48.707+05:00 level=INFO msg="GetProfile is completed" response="email:\"some@gmail.com\"  first_name:\"John\"  last_name:\"Doe\"  phone_number:\"+998 (99) 123-56-78\"  created_at:\"2024-08-13T15:44:19.407639Z\"  updated_at:\"2024-08-14T12:09:36.726927Z\""
time=2024-08-14T12:10:13.434+05:00 level=INFO msg="ValidateUser is invoked" request="id:\"db034143-d73c-4aa5-8016-5f02ca9d5173\""
time=2024-08-14T12:10:13.435+05:00 level=INFO msg="ValidateUser is completed"
time=2024-08-14T12:10:17.490+05:00 level=INFO msg="ValidateUser is invoked" request="id:\"db034143-d73c-4aa5-8016-5f02ca9d5173\""
time=2024-08-14T12:10:17.491+05:00 level=INFO msg="ValidateUser is completed"
time=2024-08-14T12:14:02.357+05:00 level=INFO msg="ValidateUser is invoked" request="id:\"db034143-d73c-4aa5-8016-5f02ca9d5173\""
time=2024-08-14T12:14:02.359+05:00 level=INFO msg="ValidateUser is completed"
time=2024-08-14T12:14:40.947+05:00 level=INFO msg="ValidateUser is invoked" request="id:\"db034143-d73c-4aa5-8016-5f02ca9d5173\""
time=2024-08-14T12:14:40.947+05:00 level=INFO msg="ValidateUser is completed"
time=2024-08-14T12:14:54.493+05:00 level=INFO msg="ValidateUser is invoked" request="id:\"db034143-d73c-4aa5-8016-5f02ca9d5173\""
time=2024-08-14T12:14:54.494+05:00 level=INFO msg="ValidateUser is completed"
time=2024-08-14T12:15:09.805+05:00 level=INFO msg="ValidateUser is invoked" request="id:\"db034143-d73c-4aa5-8016-5f02ca9d5173\""
time=2024-08-14T12:15:09.805+05:00 level=INFO msg="ValidateUser is completed"
time=2024-08-14T12:15:17.850+05:00 level=INFO msg="ValidateUser is invoked" request="id:\"db034143-d73c-4aa5-8016-5f02ca9d5173\""
time=2024-08-14T12:15:17.851+05:00 level=INFO msg="ValidateUser is completed"
time=2024-08-14T12:15:40.485+05:00 level=INFO msg="ValidateUser is invoked" request="id:\"db034143-d73c-4aa5-8016-5f02ca9d5173\""
time=2024-08-14T12:15:40.485+05:00 level=INFO msg="ValidateUser is completed"
time=2024-08-14T12:15:46.863+05:00 level=INFO msg="ValidateUser is invoked" request="id:\"db034143-d73c-4aa5-8016-5f02ca9d5173\""
time=2024-08-14T12:15:46.863+05:00 level=INFO msg="ValidateUser is completed"
time=2024-08-14T12:24:01.760+05:00 level=INFO msg="ValidateUser is invoked" request="id:\"db034143-d73c-4aa5-8016-5f02ca9d5173\""
time=2024-08-14T12:24:01.761+05:00 level=INFO msg="ValidateUser is completed"
time=2024-08-14T12:24:08.448+05:00 level=INFO msg="ValidateUser is invoked" request="id:\"db034143-d73c-4aa5-8016-5f02ca9d5173\""
time=2024-08-14T12:24:08.449+05:00 level=INFO msg="ValidateUser is completed"
time=2024-08-14T12:24:28.940+05:00 level=INFO msg="ValidateUser is invoked" request="id:\"db034143-d73c-4aa5-8016-5f02ca9d5173\""
time=2024-08-14T12:24:28.941+05:00 level=INFO msg="ValidateUser is completed"
time=2024-08-14T12:24:40.686+05:00 level=INFO msg="ValidateUser is invoked" request="id:\"db034143-d73c-4aa5-8016-5f02ca9d5173\""
time=2024-08-14T12:24:40.687+05:00 level=INFO msg="ValidateUser is completed"
time=2024-08-14T12:25:00.222+05:00 level=INFO msg="ValidateUser is invoked" request="id:\"db034143-d73c-4aa5-8016-5f02ca9d5173\""
time=2024-08-14T12:25:00.223+05:00 level=INFO msg="ValidateUser is completed"
time=2024-08-14T12:28:05.696+05:00 level=INFO msg="ValidateUser is invoked" request="id:\"db034143-d73c-4aa5-8016-5f02ca9d5173\""
time=2024-08-14T12:28:05.697+05:00 level=INFO msg="ValidateUser is completed"
time=2024-08-14T12:28:15.844+05:00 level=INFO msg="ValidateUser is invoked" request="id:\"db034143-d73c-4aa5-8016-5f02ca9d5173\""
time=2024-08-14T12:28:15.845+05:00 level=INFO msg="ValidateUser is completed"
time=2024-08-14T12:28:26.829+05:00 level=INFO msg="ValidateUser is invoked" request="id:\"db034143-d73c-4aa5-8016-5f02ca9d5173\""
time=2024-08-14T12:28:26.830+05:00 level=INFO msg="ValidateUser is completed"
time=2024-08-14T12:29:01.669+05:00 level=INFO msg="ValidateUser is invoked" request="id:\"db034143-d73c-4aa5-8016-5f02ca9d5173\""
time=2024-08-14T12:29:01.669+05:00 level=INFO msg="ValidateUser is completed"
time=2024-08-14T12:31:40.027+05:00 level=INFO msg="ValidateUser is invoked" request="id:\"db034143-d73c-4aa5-8016-5f02ca9d5173\""
time=2024-08-14T12:31:40.028+05:00 level=INFO msg="ValidateUser is completed"
time=2024-08-14T12:32:39.920+05:00 level=INFO msg="ValidateUser is invoked" request="id:\"db034143-d73c-4aa5-8016-5f02ca9d5173\""
time=2024-08-14T12:32:39.921+05:00 level=INFO msg="ValidateUser is completed"
time=2024-08-14T12:32:53.562+05:00 level=INFO msg="ValidateUser is invoked" request="id:\"db034143-d73c-4aa5-8016-5f02ca9d5173\""
time=2024-08-14T12:32:53.563+05:00 level=INFO msg="ValidateUser is completed"
time=2024-08-14T12:33:23.792+05:00 level=INFO msg="ValidateUser is invoked" request="id:\"db034143-d73c-4aa5-8016-5f02ca9d5173\""
time=2024-08-14T12:33:23.793+05:00 level=INFO msg="ValidateUser is completed"
time=2024-08-14T12:33:31.214+05:00 level=INFO msg="ValidateUser is invoked" request="id:\"db034143-d73c-4aa5-8016-5f02ca9d5173\""
time=2024-08-14T12:33:31.215+05:00 level=INFO msg="ValidateUser is completed"
time=2024-08-14T12:33:53.519+05:00 level=INFO msg="ValidateUser is invoked" request="id:\"db034143-d73c-4aa5-8016-5f02ca9d5173\""
time=2024-08-14T12:33:53.520+05:00 level=INFO msg="ValidateUser is completed"
time=2024-08-14T12:36:03.027+05:00 level=INFO msg="ValidateUser is invoked" request="id:\"db034143-d73c-4aa5-8016-5f02ca9d5173\""
time=2024-08-14T12:36:03.028+05:00 level=INFO msg="ValidateUser is completed"
time=2024-08-14T12:38:14.472+05:00 level=INFO msg="ValidateUser is invoked" request="id:\"db034143-d73c-4aa5-8016-5f02ca9d5173\""
time=2024-08-14T12:38:14.473+05:00 level=INFO msg="ValidateUser is completed"
time=2024-08-14T12:41:23.376+05:00 level=INFO msg="ValidateUser is invoked" request="id:\"db034143-d73c-4aa5-8016-5f02ca9d5173\""
time=2024-08-14T12:41:23.377+05:00 level=INFO msg="ValidateUser is completed"
time=2024-08-14T12:41:42.595+05:00 level=INFO msg="ValidateUser is invoked" request="id:\"db034143-d73c-4aa5-8016-5f02ca9d5173\""
time=2024-08-14T12:41:42.596+05:00 level=INFO msg="ValidateUser is completed"
time=2024-08-14T12:42:12.550+05:00 level=INFO msg="ValidateUser is invoked" request="id:\"db034143-d73c-4aa5-8016-5f02ca9d5173\""
time=2024-08-14T12:42:12.551+05:00 level=INFO msg="ValidateUser is completed"
time=2024-08-14T12:42:15.355+05:00 level=INFO msg="ValidateUser is invoked" request="id:\"db034143-d73c-4aa5-8016-5f02ca9d5173\""
time=2024-08-14T12:42:15.356+05:00 level=INFO msg="ValidateUser is completed"
time=2024-08-14T12:42:23.675+05:00 level=INFO msg="ValidateUser is invoked" request="id:\"db034143-d73c-4aa5-8016-5f02ca9d5173\""
time=2024-08-14T12:42:23.676+05:00 level=INFO msg="ValidateUser is completed"
time=2024-08-14T12:42:38.232+05:00 level=INFO msg="ValidateUser is invoked" request="id:\"db034143-d73c-4aa5-8016-5f02ca9d5173\""
time=2024-08-14T12:42:38.233+05:00 level=INFO msg="ValidateUser is completed"
time=2024-08-14T12:42:50.592+05:00 level=INFO msg="ValidateUser is invoked" request="id:\"db034143-d73c-4aa5-8016-5f02ca9d5173\""
time=2024-08-14T12:42:50.593+05:00 level=INFO msg="ValidateUser is completed"
time=2024-08-14T12:43:13.858+05:00 level=INFO msg="ValidateUser is invoked" request="id:\"db034143-d73c-4aa5-8016-5f02ca9d5173\""
time=2024-08-14T12:43:13.859+05:00 level=INFO msg="ValidateUser is completed"
time=2024-08-14T12:43:31.850+05:00 level=INFO msg="ValidateUser is invoked" request="id:\"db034143-d73c-4aa5-8016-5f02ca9d5173\""
time=2024-08-14T12:43:31.852+05:00 level=INFO msg="ValidateUser is completed"
time=2024-08-14T12:43:43.404+05:00 level=INFO msg="ValidateUser is invoked" request="id:\"db034143-d73c-4aa5-8016-5f02ca9d5173\""
time=2024-08-14T12:43:43.405+05:00 level=INFO msg="ValidateUser is completed"
time=2024-08-14T12:43:48.810+05:00 level=INFO msg="ValidateUser is invoked" request="id:\"db034143-d73c-4aa5-8016-5f02ca9d5173\""
time=2024-08-14T12:43:48.812+05:00 level=INFO msg="ValidateUser is completed"
time=2024-08-14T12:44:02.271+05:00 level=INFO msg="ValidateUser is invoked" request="id:\"db034143-d73c-4aa5-8016-5f02ca9d5173\""
time=2024-08-14T12:44:02.271+05:00 level=INFO msg="ValidateUser is completed"
time=2024-08-14T12:44:14.607+05:00 level=INFO msg="ValidateUser is invoked" request="id:\"db034143-d73c-4aa5-8016-5f02ca9d5173\""
time=2024-08-14T12:44:14.608+05:00 level=INFO msg="ValidateUser is completed"
time=2024-08-14T12:45:58.675+05:00 level=INFO msg="ValidateUser is invoked" request="id:\"db034143-d73c-4aa5-8016-5f02ca9d5173\""
time=2024-08-14T12:45:58.676+05:00 level=INFO msg="ValidateUser is completed"
time=2024-08-14T12:46:05.219+05:00 level=INFO msg="ValidateUser is invoked" request="id:\"db034143-d73c-4aa5-8016-5f02ca9d5173\""
time=2024-08-14T12:46:05.219+05:00 level=INFO msg="ValidateUser is completed"
time=2024-08-14T12:46:19.182+05:00 level=INFO msg="ValidateUser is invoked" request="id:\"db034143-d73c-4aa5-8016-5f02ca9d5173\""
time=2024-08-14T12:46:19.183+05:00 level=INFO msg="ValidateUser is completed"
time=2024-08-14T12:46:23.373+05:00 level=INFO msg="ValidateUser is invoked" request="id:\"db034143-d73c-4aa5-8016-5f02ca9d5173\""
time=2024-08-14T12:46:23.374+05:00 level=INFO msg="ValidateUser is completed"
time=2024-08-14T12:46:35.813+05:00 level=INFO msg="ValidateUser is invoked" request="id:\"db034143-d73c-4aa5-8016-5f02ca9d5173\""
time=2024-08-14T12:46:35.814+05:00 level=INFO msg="ValidateUser is completed"
time=2024-08-14T12:46:57.116+05:00 level=INFO msg="ValidateUser is invoked" request="id:\"db034143-d73c-4aa5-8016-5f02ca9d5173\""
time=2024-08-14T12:46:57.117+05:00 level=INFO msg="ValidateUser is completed"
time=2024-08-14T12:50:41.285+05:00 level=INFO msg="ValidateUser is invoked" request="id:\"db034143-d73c-4aa5-8016-5f02ca9d5173\""
time=2024-08-14T12:50:41.286+05:00 level=INFO msg="ValidateUser is completed"
time=2024-08-14T12:51:34.702+05:00 level=INFO msg="ValidateUser is invoked" request="id:\"db034143-d73c-4aa5-8016-5f02ca9d5173\""
time=2024-08-14T12:51:34.703+05:00 level=INFO msg="ValidateUser is completed"
time=2024-08-14T12:51:38.026+05:00 level=INFO msg="ValidateUser is invoked" request="id:\"db034143-d73c-4aa5-8016-5f02ca9d5173\""
time=2024-08-14T12:51:38.027+05:00 level=INFO msg="ValidateUser is completed"
time=2024-08-14T12:52:20.184+05:00 level=INFO msg="ValidateUser is invoked" request="id:\"db034143-d73c-4aa5-8016-5f02ca9d5173\""
time=2024-08-14T12:52:20.185+05:00 level=INFO msg="ValidateUser is completed"
time=2024-08-14T12:52:44.234+05:00 level=INFO msg="ValidateUser is invoked" request="id:\"db034143-d73c-4aa5-8016-5f02ca9d5173\""
time=2024-08-14T12:52:44.234+05:00 level=INFO msg="ValidateUser is completed"
time=2024-08-14T12:55:58.198+05:00 level=INFO msg="ValidateUser is invoked" request="id:\"db034143-d73c-4aa5-8016-5f02ca9d5173\""
time=2024-08-14T12:55:58.199+05:00 level=INFO msg="ValidateUser is completed"
time=2024-08-14T12:56:09.628+05:00 level=INFO msg="ValidateUser is invoked" request="id:\"db034143-d73c-4aa5-8016-5f02ca9d5173\""
time=2024-08-14T12:56:09.629+05:00 level=INFO msg="ValidateUser is completed"
time=2024-08-14T12:57:50.079+05:00 level=INFO msg="ValidateUser is invoked" request="id:\"db034143-d73c-4aa5-8016-5f02ca9d5173\""
time=2024-08-14T12:57:50.080+05:00 level=INFO msg="ValidateUser is completed"
time=2024-08-14T12:58:00.424+05:00 level=INFO msg="ValidateUser is invoked" request="id:\"db034143-d73c-4aa5-8016-5f02ca9d5173\""
time=2024-08-14T12:58:00.425+05:00 level=INFO msg="ValidateUser is completed"
time=2024-08-14T12:58:14.599+05:00 level=INFO msg="ValidateUser is invoked" request="id:\"db034143-d73c-4aa5-8016-5f02ca9d5173\""
time=2024-08-14T12:58:14.600+05:00 level=INFO msg="ValidateUser is completed"
time=2024-08-14T13:00:20.995+05:00 level=INFO msg="ValidateUser is invoked" request="id:\"db034143-d73c-4aa5-8016-5f02ca9d5173\""
time=2024-08-14T13:00:20.995+05:00 level=INFO msg="ValidateUser is completed"
time=2024-08-14T13:00:34.098+05:00 level=INFO msg="ValidateUser is invoked" request="id:\"db034143-d73c-4aa5-8016-5f02ca9d5173\""
time=2024-08-14T13:00:34.098+05:00 level=INFO msg="ValidateUser is completed"
time=2024-08-14T13:02:51.107+05:00 level=INFO msg="ValidateUser is invoked" request="id:\"db034143-d73c-4aa5-8016-5f02ca9d5173\""
time=2024-08-14T13:02:51.108+05:00 level=INFO msg="ValidateUser is completed"
time=2024-08-14T13:03:21.284+05:00 level=INFO msg="ValidateUser is invoked" request="id:\"db034143-d73c-4aa5-8016-5f02ca9d5173\""
time=2024-08-14T13:03:21.285+05:00 level=INFO msg="ValidateUser is completed"
time=2024-08-14T13:03:40.647+05:00 level=INFO msg="ValidateUser is invoked" request="id:\"db034143-d73c-4aa5-8016-5f02ca9d5173\""
time=2024-08-14T13:03:40.648+05:00 level=INFO msg="ValidateUser is completed"
time=2024-08-14T13:07:28.284+05:00 level=INFO msg="ValidateUser is invoked" request="id:\"db034143-d73c-4aa5-8016-5f02ca9d5173\""
time=2024-08-14T13:07:28.285+05:00 level=INFO msg="ValidateUser is completed"
time=2024-08-14T13:07:47.267+05:00 level=INFO msg="ValidateUser is invoked" request="id:\"db034143-d73c-4aa5-8016-5f02ca9d5173\""
time=2024-08-14T13:07:47.268+05:00 level=INFO msg="ValidateUser is completed"
time=2024-08-14T13:08:57.778+05:00 level=INFO msg="Login handler is invoked"
time=2024-08-14T13:08:57.779+05:00 level=ERROR msg="error getting user details: user not found"
time=2024-08-14T13:09:51.242+05:00 level=INFO msg="Login handler is invoked"
time=2024-08-14T13:09:51.340+05:00 level=INFO msg="Login handler is completed successfully"
time=2024-08-14T13:10:00.249+05:00 level=INFO msg="ValidateUser is invoked" request="id:\"db034143-d73c-4aa5-8016-5f02ca9d5173\""
time=2024-08-14T13:10:00.249+05:00 level=INFO msg="ValidateUser is completed"
time=2024-08-14T13:10:12.750+05:00 level=INFO msg="ValidateUser is invoked" request="id:\"db034143-d73c-4aa5-8016-5f02ca9d5173\""
time=2024-08-14T13:10:12.751+05:00 level=INFO msg="ValidateUser is completed"
time=2024-08-14T13:11:21.454+05:00 level=INFO msg="ValidateUser is invoked" request="id:\"db034143-d73c-4aa5-8016-5f02ca9d5173\""
time=2024-08-14T13:11:21.455+05:00 level=INFO msg="ValidateUser is completed"
time=2024-08-14T13:11:44.524+05:00 level=INFO msg="ValidateUser is invoked" request="id:\"db034143-d73c-4aa5-8016-5f02ca9d5173\""
time=2024-08-14T13:11:44.525+05:00 level=INFO msg="ValidateUser is completed"
time=2024-08-14T13:12:07.269+05:00 level=INFO msg="ValidateUser is invoked" request="id:\"db034143-d73c-4aa5-8016-5f02ca9d5173\""
time=2024-08-14T13:12:07.270+05:00 level=INFO msg="ValidateUser is completed"
time=2024-08-14T13:12:23.399+05:00 level=INFO msg="ValidateUser is invoked" request="id:\"db034143-d73c-4aa5-8016-5f02ca9d5173\""
time=2024-08-14T13:12:23.400+05:00 level=INFO msg="ValidateUser is completed"
time=2024-08-14T13:12:33.601+05:00 level=INFO msg="ValidateUser is invoked" request="id:\"db034143-d73c-4aa5-8016-5f02ca9d5173\""
time=2024-08-14T13:12:33.602+05:00 level=INFO msg="ValidateUser is completed"
time=2024-08-14T13:13:04.974+05:00 level=INFO msg="ValidateUser is invoked" request="id:\"db034143-d73c-4aa5-8016-5f02ca9d5173\""
time=2024-08-14T13:13:04.975+05:00 level=INFO msg="ValidateUser is completed"
time=2024-08-14T13:37:51.541+05:00 level=INFO msg="ValidateUser is invoked" request="id:\"db034143-d73c-4aa5-8016-5f02ca9d5173\""
time=2024-08-14T13:37:51.541+05:00 level=INFO msg="ValidateUser is completed"
time=2024-08-14T13:38:05.116+05:00 level=INFO msg="ValidateUser is invoked" request="id:\"db034143-d73c-4aa5-8016-5f02ca9d5173\""
time=2024-08-14T13:38:05.116+05:00 level=INFO msg="ValidateUser is completed"
time=2024-08-14T13:40:35.178+05:00 level=INFO msg="ValidateUser is invoked" request="id:\"db034143-d73c-4aa5-8016-5f02ca9d5173\""
time=2024-08-14T13:40:35.179+05:00 level=INFO msg="ValidateUser is completed"
time=2024-08-14T13:43:26.444+05:00 level=INFO msg="ValidateUser is invoked" request="id:\"db034143-d73c-4aa5-8016-5f02ca9d5173\""
time=2024-08-14T13:43:26.444+05:00 level=INFO msg="ValidateUser is completed"
time=2024-08-14T13:45:13.867+05:00 level=INFO msg="ValidateUser is invoked" request="id:\"db034143-d73c-4aa5-8016-5f02ca9d5173\""
time=2024-08-14T13:45:13.868+05:00 level=INFO msg="ValidateUser is completed"
time=2024-08-14T13:46:09.450+05:00 level=INFO msg="ValidateUser is invoked" request="id:\"db034143-d73c-4aa5-8016-5f02ca9d5173\""
time=2024-08-14T13:46:09.450+05:00 level=INFO msg="ValidateUser is completed"
time=2024-08-14T13:50:44.909+05:00 level=INFO msg="ValidateUser is invoked" request="id:\"db034143-d73c-4aa5-8016-5f02ca9d5173\""
time=2024-08-14T13:50:44.910+05:00 level=INFO msg="ValidateUser is completed"
time=2024-08-14T13:51:13.336+05:00 level=INFO msg="ValidateUser is invoked" request="id:\"db034143-d73c-4aa5-8016-5f02ca9d5173\""
time=2024-08-14T13:51:13.336+05:00 level=INFO msg="ValidateUser is completed"
time=2024-08-14T13:51:34.395+05:00 level=INFO msg="ValidateUser is invoked" request="id:\"db034143-d73c-4aa5-8016-5f02ca9d5173\""
time=2024-08-14T13:51:34.396+05:00 level=INFO msg="ValidateUser is completed"
time=2024-08-14T13:51:45.563+05:00 level=INFO msg="ValidateUser is invoked" request="id:\"db034143-d73c-4aa5-8016-5f02ca9d5173\""
time=2024-08-14T13:51:45.564+05:00 level=INFO msg="ValidateUser is completed"
time=2024-08-14T13:54:45.857+05:00 level=INFO msg="ValidateUser is invoked" request="id:\"db034143-d73c-4aa5-8016-5f02ca9d5173\""
time=2024-08-14T13:54:45.857+05:00 level=INFO msg="ValidateUser is completed"
time=2024-08-14T13:55:27.754+05:00 level=INFO msg="ValidateUser is invoked" request="id:\"db034143-d73c-4aa5-8016-5f02ca9d5173\""
time=2024-08-14T13:55:27.754+05:00 level=INFO msg="ValidateUser is completed"
time=2024-08-14T14:01:23.161+05:00 level=INFO msg="ValidateUser is invoked" request="id:\"db034143-d73c-4aa5-8016-5f02ca9d5173\""
time=2024-08-14T14:01:23.162+05:00 level=INFO msg="ValidateUser is completed"
time=2024-08-14T14:05:08.649+05:00 level=INFO msg="ValidateUser is invoked" request="id:\"db034143-d73c-4aa5-8016-5f02ca9d5173\""
time=2024-08-14T14:05:08.649+05:00 level=INFO msg="ValidateUser is completed"
time=2024-08-14T14:07:20.474+05:00 level=INFO msg="ValidateUser is invoked" request="id:\"db034143-d73c-4aa5-8016-5f02ca9d5173\""
time=2024-08-14T14:07:20.474+05:00 level=INFO msg="ValidateUser is completed"
time=2024-08-14T14:08:49.214+05:00 level=INFO msg="ValidateUser is invoked" request="id:\"db034143-d73c-4aa5-8016-5f02ca9d5173\""
time=2024-08-14T14:08:49.215+05:00 level=INFO msg="ValidateUser is completed"
time=2024-08-14T14:09:16.585+05:00 level=INFO msg="ValidateUser is invoked" request="id:\"db034143-d73c-4aa5-8016-5f02ca9d5173\""
time=2024-08-14T14:09:16.585+05:00 level=INFO msg="ValidateUser is completed"
time=2024-08-14T14:09:29.438+05:00 level=INFO msg="ValidateUser is invoked" request="id:\"db034143-d73c-4aa5-8016-5f02ca9d5173\""
time=2024-08-14T14:09:29.438+05:00 level=INFO msg="ValidateUser is completed"
time=2024-08-14T14:29:48.830+05:00 level=INFO msg="Login handler is invoked"
time=2024-08-14T14:29:48.883+05:00 level=INFO msg="Login handler is completed successfully"
time=2024-08-14T14:29:58.535+05:00 level=INFO msg="ValidateUser is invoked" request="id:\"db034143-d73c-4aa5-8016-5f02ca9d5173\""
time=2024-08-14T14:29:58.535+05:00 level=INFO msg="ValidateUser is completed"
time=2024-08-14T14:31:31.794+05:00 level=INFO msg="ValidateUser is invoked" request="id:\"db034143-d73c-4aa5-8016-5f02ca9d5173\""
time=2024-08-14T14:31:31.795+05:00 level=INFO msg="ValidateUser is completed"
time=2024-08-14T14:31:32.096+05:00 level=INFO msg="ValidateUser is invoked" request="id:\"db034143-d73c-4aa5-8016-5f02ca9d5173\""
time=2024-08-14T14:31:32.096+05:00 level=INFO msg="ValidateUser is completed"
time=2024-08-14T14:32:36.016+05:00 level=INFO msg="ValidateUser is invoked" request="id:\"db034143-d73c-4aa5-8016-5f02ca9d5173\""
time=2024-08-14T14:32:36.017+05:00 level=INFO msg="ValidateUser is completed"
time=2024-08-14T14:36:29.938+05:00 level=INFO msg="ValidateUser is invoked" request="id:\"db034143-d73c-4aa5-8016-5f02ca9d5173\""
time=2024-08-14T14:36:29.939+05:00 level=INFO msg="ValidateUser is completed"
time=2024-08-14T14:37:03.255+05:00 level=INFO msg="ValidateUser is invoked" request="id:\"db034143-d73c-4aa5-8016-5f02ca9d5173\""
time=2024-08-14T14:37:03.255+05:00 level=INFO msg="ValidateUser is completed"
time=2024-08-14T14:37:19.160+05:00 level=INFO msg="ValidateUser is invoked" request="id:\"db034143-d73c-4aa5-8016-5f02ca9d5173\""
time=2024-08-14T14:37:19.160+05:00 level=INFO msg="ValidateUser is completed"
time=2024-08-14T14:37:27.780+05:00 level=INFO msg="ValidateUser is invoked" request="id:\"db034143-d73c-4aa5-8016-5f02ca9d5173\""
time=2024-08-14T14:37:27.780+05:00 level=INFO msg="ValidateUser is completed"
time=2024-08-14T14:37:31.503+05:00 level=INFO msg="ValidateUser is invoked" request="id:\"db034143-d73c-4aa5-8016-5f02ca9d5173\""
time=2024-08-14T14:37:31.503+05:00 level=INFO msg="ValidateUser is completed"
time=2024-08-14T15:00:31.727+05:00 level=INFO msg="ValidateUser is invoked" request="id:\"db034143-d73c-4aa5-8016-5f02ca9d5173\""
time=2024-08-14T15:00:31.728+05:00 level=INFO msg="ValidateUser is completed"
time=2024-08-14T15:01:08.607+05:00 level=INFO msg="ValidateUser is invoked" request="id:\"db034143-d73c-4aa5-8016-5f02ca9d5173\""
time=2024-08-14T15:01:08.607+05:00 level=INFO msg="ValidateUser is completed"
time=2024-08-14T15:01:55.785+05:00 level=INFO msg="ValidateUser is invoked" request="id:\"db034143-d73c-4aa5-8016-5f02ca9d5173\""
time=2024-08-14T15:01:55.786+05:00 level=INFO msg="ValidateUser is completed"
time=2024-08-14T15:03:05.255+05:00 level=INFO msg="ValidateUser is invoked" request="id:\"db034143-d73c-4aa5-8016-5f02ca9d5173\""
time=2024-08-14T15:03:05.255+05:00 level=INFO msg="ValidateUser is completed"
time=2024-08-14T15:03:32.011+05:00 level=INFO msg="ValidateUser is invoked" request="id:\"db034143-d73c-4aa5-8016-5f02ca9d5173\""
time=2024-08-14T15:03:32.011+05:00 level=INFO msg="ValidateUser is completed"
time=2024-08-14T15:05:17.651+05:00 level=INFO msg="ValidateUser is invoked" request="id:\"db034143-d73c-4aa5-8016-5f02ca9d5173\""
time=2024-08-14T15:05:17.652+05:00 level=INFO msg="ValidateUser is completed"
time=2024-08-14T15:07:04.054+05:00 level=INFO msg="ValidateUser is invoked" request="id:\"db034143-d73c-4aa5-8016-5f02ca9d5173\""
time=2024-08-14T15:07:04.054+05:00 level=INFO msg="ValidateUser is completed"
time=2024-08-14T15:08:10.711+05:00 level=INFO msg="ValidateUser is invoked" request="id:\"db034143-d73c-4aa5-8016-5f02ca9d5173\""
time=2024-08-14T15:08:10.711+05:00 level=INFO msg="ValidateUser is completed"
time=2024-08-14T15:08:31.592+05:00 level=INFO msg="ValidateUser is invoked" request="id:\"db034143-d73c-4aa5-8016-5f02ca9d5173\""
time=2024-08-14T15:08:31.592+05:00 level=INFO msg="ValidateUser is completed"
time=2024-08-14T15:10:32.619+05:00 level=INFO msg="ValidateUser is invoked" request="id:\"db034143-d73c-4aa5-8016-5f02ca9d5173\""
time=2024-08-14T15:10:32.619+05:00 level=INFO msg="ValidateUser is completed"
time=2024-08-14T15:10:57.873+05:00 level=INFO msg="ValidateUser is invoked" request="id:\"db034143-d73c-4aa5-8016-5f02ca9d5173\""
time=2024-08-14T15:10:57.873+05:00 level=INFO msg="ValidateUser is completed"
time=2024-08-14T15:11:44.575+05:00 level=INFO msg="ValidateUser is invoked" request="id:\"db034143-d73c-4aa5-8016-5f02ca9d5173\""
time=2024-08-14T15:11:44.575+05:00 level=INFO msg="ValidateUser is completed"
time=2024-08-14T15:12:17.114+05:00 level=INFO msg="ValidateUser is invoked" request="id:\"db034143-d73c-4aa5-8016-5f02ca9d5173\""
time=2024-08-14T15:12:17.115+05:00 level=INFO msg="ValidateUser is completed"
time=2024-08-14T15:12:48.264+05:00 level=INFO msg="ValidateUser is invoked" request="id:\"db034143-d73c-4aa5-8016-5f02ca9d5173\""
time=2024-08-14T15:12:48.265+05:00 level=INFO msg="ValidateUser is completed"
time=2024-08-14T15:13:03.832+05:00 level=INFO msg="ValidateUser is invoked" request="id:\"db034143-d73c-4aa5-8016-5f02ca9d5173\""
time=2024-08-14T15:13:03.833+05:00 level=INFO msg="ValidateUser is completed"
time=2024-08-14T15:13:14.204+05:00 level=INFO msg="ValidateUser is invoked" request="id:\"db034143-d73c-4aa5-8016-5f02ca9d5173\""
time=2024-08-14T15:13:14.205+05:00 level=INFO msg="ValidateUser is completed"
time=2024-08-14T15:13:19.580+05:00 level=INFO msg="ValidateUser is invoked" request="id:\"db034143-d73c-4aa5-8016-5f02ca9d5173\""
time=2024-08-14T15:13:19.580+05:00 level=INFO msg="ValidateUser is completed"
time=2024-08-14T15:13:27.493+05:00 level=INFO msg="ValidateUser is invoked" request="id:\"db034143-d73c-4aa5-8016-5f02ca9d5173\""
time=2024-08-14T15:13:27.493+05:00 level=INFO msg="ValidateUser is completed"
time=2024-08-14T15:16:40.457+05:00 level=INFO msg="ValidateUser is invoked" request="id:\"db034143-d73c-4aa5-8016-5f02ca9d5173\""
time=2024-08-14T15:16:40.458+05:00 level=INFO msg="ValidateUser is completed"
time=2024-08-14T15:17:05.879+05:00 level=INFO msg="ValidateUser is invoked" request="id:\"db034143-d73c-4aa5-8016-5f02ca9d5173\""
time=2024-08-14T15:17:05.880+05:00 level=INFO msg="ValidateUser is completed"
time=2024-08-14T15:17:11.994+05:00 level=INFO msg="ValidateUser is invoked" request="id:\"db034143-d73c-4aa5-8016-5f02ca9d5173\""
time=2024-08-14T15:17:11.994+05:00 level=INFO msg="ValidateUser is completed"
